<?xml version="1.0" encoding="UTF-8"?>
<!-- Generated by org.testng.reporters.JUnitReportReporter -->
<testsuite skipped="0" hostname="DESKTOP-SM28MCN" name="onlineMarket.testing.NTest" tests="1" failures="0" timestamp="26 Apr 2018 10:47:43 GMT" time="5.233" errors="0">
  <testcase name="Reg" time="5.233" classname="onlineMarket.testing.NTest"/>
</testsuite> <!-- onlineMarket.testing.NTest -->
