<?xml version="1.0" encoding="UTF-8"?>
<!-- Generated by org.testng.reporters.JUnitReportReporter -->
<testsuite skipped="0" hostname="DESKTOP-SM28MCN" name="onlineMarket.controllers.AdminControllerTest" tests="3" failures="0" timestamp="27 Apr 2018 12:49:55 GMT" time="0.093" errors="0">
  <testcase name="Login2" time="0.015" classname="onlineMarket.controllers.AdminControllerTest"/>
  <testcase name="Login" time="0.078" classname="onlineMarket.controllers.AdminControllerTest"/>
  <testcase name="Login1" time="0.000" classname="onlineMarket.controllers.AdminControllerTest"/>
</testsuite> <!-- onlineMarket.controllers.AdminControllerTest -->
