<?xml version="1.0" encoding="UTF-8"?>
<!-- Generated by org.testng.reporters.JUnitReportReporter -->
<testsuite skipped="0" hostname="LAPTOP-6PADVU4C" name="onlineMarket.testing.NewTest" tests="2" failures="0" timestamp="26 Apr 2018 10:40:00 GMT" time="5.715" errors="0">
  <testcase name="openApp" time="5.031" classname="onlineMarket.testing.NewTest"/>
  <testcase name="Login" time="0.684" classname="onlineMarket.testing.NewTest"/>
</testsuite> <!-- onlineMarket.testing.NewTest -->
