<?xml version="1.0" encoding="UTF-8"?>
<!-- Generated by org.testng.reporters.JUnitReportReporter -->
<testsuite skipped="0" hostname="LAPTOP-6PADVU4C" name="onlineMarket.controllers.ProductControllerTest" tests="1" failures="0" timestamp="27 Apr 2018 09:58:34 GMT" time="0.069" errors="0">
  <testcase name="add" time="0.069" classname="onlineMarket.controllers.ProductControllerTest"/>
</testsuite> <!-- onlineMarket.controllers.ProductControllerTest -->
