<?xml version="1.0" encoding="UTF-8"?>
<!-- Generated by org.testng.reporters.JUnitReportReporter -->
<testsuite skipped="0" hostname="DESKTOP-SM28MCN" name="onlineMarket.controllers.SysProductControllerTest" tests="2" failures="0" timestamp="27 Apr 2018 14:05:11 GMT" time="0.100" errors="0">
  <testcase name="add2" time="0.000" classname="onlineMarket.controllers.SysProductControllerTest"/>
  <testcase name="add1" time="0.100" classname="onlineMarket.controllers.SysProductControllerTest"/>
</testsuite> <!-- onlineMarket.controllers.SysProductControllerTest -->
