<?xml version="1.0" encoding="UTF-8"?>
<!-- Generated by org.testng.reporters.JUnitReportReporter -->
<testsuite skipped="0" hostname="DESKTOP-SM28MCN" name="onlineMarket.controllers.StoreControllerTest" tests="2" failures="0" timestamp="27 Apr 2018 14:50:17 GMT" time="0.086" errors="0">
  <testcase name="add1" time="0.086" classname="onlineMarket.controllers.StoreControllerTest"/>
  <testcase name="add2" time="0.000" classname="onlineMarket.controllers.StoreControllerTest"/>
</testsuite> <!-- onlineMarket.controllers.StoreControllerTest -->
