<?xml version="1.0" encoding="UTF-8"?>
<!-- Generated by org.testng.reporters.JUnitReportReporter -->
<testsuite skipped="0" hostname="DESKTOP-SM28MCN" name="onlineMarket.controllers.BrandControllerTest" tests="2" failures="0" timestamp="27 Apr 2018 14:02:57 GMT" time="0.079" errors="0">
  <testcase name="add2" time="0.000" classname="onlineMarket.controllers.BrandControllerTest"/>
  <testcase name="add1" time="0.079" classname="onlineMarket.controllers.BrandControllerTest"/>
</testsuite> <!-- onlineMarket.controllers.BrandControllerTest -->
